<?xml version="1.0" encoding="UTF-8"?>
<!-- Generated by org.testng.reporters.JUnitXMLReporter -->
<testsuite ignored="0" hostname="iramtech-Vostro-3470" failures="0" tests="4" name="About test" time="34.459" errors="0" timestamp="2024-08-01T15:37:16 IST">
  <testcase classname="com.silvassaOfficer.testcases.TC_LoginTest_001" name="login" time="5.024"/>
  <testcase classname="com.silvassaOfficer.testcases.About_026" name="clickon_Menu_FeedbackComplaint" time="8.415"/>
  <testcase classname="com.silvassaOfficer.testcases.About_026" name="aboutPage_ApplicationName" time="3.212"/>
  <testcase classname="com.silvassaOfficer.testcases.About_026" name="testProductDetails" time="0.873"/>
</testsuite> <!-- About test -->
