<?xml version="1.0" encoding="UTF-8"?>
<!-- Generated by org.testng.reporters.JUnitXMLReporter -->
<testsuite ignored="0" hostname="iramtech-Vostro-3470" failures="0" tests="7" name="AlarmsNotifications" time="69.099" errors="0" timestamp="2024-08-01T15:34:28 IST">
  <testcase classname="com.silvassaOfficer.testcases.TC_LoginTest_001" name="login" time="18.391"/>
  <testcase classname="com.silvassaOfficer.testcases.Alarms_Notifications_022" name="clickon_Menu_Alarms_DeviceAlerts" time="5.937"/>
  <testcase classname="com.silvassaOfficer.testcases.Alarms_Notifications_022" name="clickon_Alarms_ManualAlerts" time="5.579"/>
  <testcase classname="com.silvassaOfficer.testcases.Alarms_Notifications_022" name="clickon_Alarms_VehicleOTAlerts" time="5.437"/>
  <testcase classname="com.silvassaOfficer.testcases.Alarms_Notifications_022" name="clickon_Alarms_VehicleOTAlerts_SelectVehicleType" time="5.816"/>
  <testcase classname="com.silvassaOfficer.testcases.Alarms_Notifications_022" name="clickon_Alarms_TransactionAlert" time="5.39"/>
  <testcase classname="com.silvassaOfficer.testcases.Alarms_Notifications_022" name="clickon_Alarms_PosAlert" time="5.448"/>
</testsuite> <!-- AlarmsNotifications -->
