<?xml version="1.0" encoding="UTF-8"?>
<!-- Generated by org.testng.reporters.JUnitXMLReporter -->
<testsuite ignored="8" hostname="iramtech-Vostro-3470" failures="0" tests="28" name="Dashboard Test" time="220.047" errors="0" timestamp="2024-08-14T16:17:25 IST">
  <testcase classname="com.silvassaOfficer.testcases.TC_LoginTest_001" name="verify_Title" time="3.855"/>
  <testcase classname="com.silvassaOfficer.testcases.TC_LoginTest_001" name="login" time="3.629"/>
  <testcase classname="com.silvassaOfficer.testcases.TC_Dashboard_Revenue_001" name="click1D_Button" time="6.768"/>
  <testcase classname="com.silvassaOfficer.testcases.TC_Dashboard_Revenue_001" name="get1D_Revenue" time="0.289"/>
  <testcase classname="com.silvassaOfficer.testcases.TC_Dashboard_Revenue_001" name="click1W_Button" time="6.486"/>
  <testcase classname="com.silvassaOfficer.testcases.TC_Dashboard_Revenue_001" name="click1M_Button" time="6.283"/>
  <testcase classname="com.silvassaOfficer.testcases.TC_Dashboard_Revenue_001" name="getSummaryDashoard_Cards" time="3.321"/>
  <testcase classname="com.silvassaOfficer.testcases.TC_Dashboard_Revenue_001" name="click_ShowEntries" time="5.184"/>
  <testcase classname="com.silvassaOfficer.testcases.TC_Dashboard_Revenue_001" name="scroll_Thepage" time="12.524"/>
  <testcase classname="com.silvassaOfficer.testcases.TC_Dashboard_Revenue_001" name="clickStart_EndDate" time="2.634"/>
  <testcase classname="com.silvassaOfficer.testcases.TC_Dashboard_Revenue_001" name="click_BackWard_ToSelect_StartDate" time="2.488"/>
  <testcase classname="com.silvassaOfficer.testcases.TC_Dashboard_Revenue_001" name="clickStart_Date" time="11.11"/>
  <testcase classname="com.silvassaOfficer.testcases.TC_Dashboard_Revenue_001" name="click_ForWard_ToSelect_EndDate" time="11.139"/>
  <testcase classname="com.silvassaOfficer.testcases.TC_Dashboard_Revenue_001" name="select_EndDate_ApplyBtn" time="10.123"/>
  <testcase classname="com.silvassaOfficer.testcases.TC_Dashboard_Revenue_001" name="click_ApplyBtn" time="15.125"/>
  <testcase classname="com.silvassaOfficer.testcases.TC_Dashboard_Occupancy_002" name="clickon_AvgOccupancy" time="4.086"/>
  <testcase classname="com.silvassaOfficer.testcases.TC_Dashboard_Occupancy_002" name="get_AvgOccupancyData" time="7.352"/>
  <testcase classname="com.silvassaOfficer.testcases.TC_DashboardSites_003" name="clickon_ParkingSites" time="3.959"/>
  <testcase classname="com.silvassaOfficer.testcases.TC_DashboardSites_003" name="get_ParkingSitesData" time="3.333"/>
  <testcase classname="com.silvassaOfficer.testcases.TC_DashboardSites_003" name="parkingSites_Scroll" time="6.816"/>
  <testcase classname="com.silvassaOfficer.testcases.TC_DashboardSites_003" name="print_AllSiteNames" time="5.404"/>
  <testcase classname="com.silvassaOfficer.testcases.TC_DashboardSites_003" name="parkingSites_ScrollUp" time="6.582"/>
  <testcase classname="com.silvassaOfficer.testcases.TC_DashboardDevices_004" name="click_DeviceStatus" time="6.995"/>
  <testcase classname="com.silvassaOfficer.testcases.TC_DashboardDevices_004" name="get_DeviceStatusData" time="3.358"/>
  <testcase classname="com.silvassaOfficer.testcases.TC_DashboardDevices_004" name="deviceStatus_Scroll" time="12.039"/>
  <testcase classname="com.silvassaOfficer.testcases.TC_DashboardAlerts_005" name="click_DeviceStatus" time="5.994"/>
  <testcase classname="com.silvassaOfficer.testcases.TC_DashboardAlerts_005" name="get_DeviceStatusData" time="3.323"/>
  <testcase classname="com.silvassaOfficer.testcases.TC_DashboardAlerts_005" name="deviceStatus_Scroll" time="10.368"/>
  <testcase classname="com.silvassaOfficer.testcases.Basetest" name="@AfterSuite tearDownSuite" time="0.0">
    <ignored/>
  </testcase> <!-- @AfterSuite tearDownSuite -->
  <testcase classname="com.silvassaOfficer.testcases.Basetest" name="@BeforeSuite setup" time="0.0">
    <ignored/>
  </testcase> <!-- @BeforeSuite setup -->
  <testcase classname="com.silvassaOfficer.testcases.Basetest" name="@AfterSuite tearDownSuite" time="0.0">
    <ignored/>
  </testcase> <!-- @AfterSuite tearDownSuite -->
  <testcase classname="com.silvassaOfficer.testcases.Basetest" name="@BeforeSuite setup" time="0.0">
    <ignored/>
  </testcase> <!-- @BeforeSuite setup -->
  <testcase classname="com.silvassaOfficer.testcases.Basetest" name="@BeforeSuite setup" time="0.0">
    <ignored/>
  </testcase> <!-- @BeforeSuite setup -->
  <testcase classname="com.silvassaOfficer.testcases.Basetest" name="@AfterSuite tearDownSuite" time="0.0">
    <ignored/>
  </testcase> <!-- @AfterSuite tearDownSuite -->
  <testcase classname="com.silvassaOfficer.testcases.Basetest" name="@AfterSuite tearDownSuite" time="0.0">
    <ignored/>
  </testcase> <!-- @AfterSuite tearDownSuite -->
  <testcase classname="com.silvassaOfficer.testcases.Basetest" name="@BeforeSuite setup" time="0.0">
    <ignored/>
  </testcase> <!-- @BeforeSuite setup -->
</testsuite> <!-- Dashboard Test -->
