<?xml version="1.0" encoding="UTF-8"?>
<!-- Generated by org.testng.reporters.JUnitXMLReporter -->
<testsuite ignored="4" hostname="iramtech-Vostro-3470" failures="0" tests="11" name="LiveInfo" time="139.486" errors="0" timestamp="2024-08-01T15:33:18 IST">
  <testcase classname="com.silvassaOfficer.testcases.TC_LoginTest_001" name="login" time="5.025"/>
  <testcase classname="com.silvassaOfficer.testcases.SiteStatus_018" name="clickon_Menu_LiveInfo" time="10.48"/>
  <testcase classname="com.silvassaOfficer.testcases.SiteStatus_018" name="siteStatus_ZoomIn" time="3.863"/>
  <testcase classname="com.silvassaOfficer.testcases.SiteStatus_018" name="siteStatus_ZoomOut" time="3.6"/>
  <testcase classname="com.silvassaOfficer.testcases.SiteStatus_018" name="hover_SiteLocationsMap" time="27.607"/>
  <testcase classname="com.silvassaOfficer.testcases.DeviceStatus_019" name="clickon_Menu_LiveInfo_DeviceStatus" time="12.605"/>
  <testcase classname="com.silvassaOfficer.testcases.DeviceStatus_019" name="selectDevices_List" time="11.87"/>
  <testcase classname="com.silvassaOfficer.testcases.DeviceOverview_020" name="clickon_Menu_LiveInfo_DeviceOverView" time="7.869"/>
  <testcase classname="com.silvassaOfficer.testcases.DeviceOverview_020" name="deviceOverview_ZoomIn" time="3.76"/>
  <testcase classname="com.silvassaOfficer.testcases.DeviceOverview_020" name="deviceOverview_ZoomOut" time="3.589"/>
  <testcase classname="com.silvassaOfficer.testcases.DeviceOverview_020" name="hover_DeviceOverview_SiteLocationsMap" time="27.604"/>
  <testcase classname="com.silvassaOfficer.testcases.Basetest" name="@BeforeSuite setup" time="0.0">
    <ignored/>
  </testcase> <!-- @BeforeSuite setup -->
  <testcase classname="com.silvassaOfficer.testcases.Basetest" name="@AfterSuite tearDownSuite" time="0.0">
    <ignored/>
  </testcase> <!-- @AfterSuite tearDownSuite -->
  <testcase classname="com.silvassaOfficer.testcases.Basetest" name="@BeforeSuite setup" time="0.0">
    <ignored/>
  </testcase> <!-- @BeforeSuite setup -->
  <testcase classname="com.silvassaOfficer.testcases.Basetest" name="@AfterSuite tearDownSuite" time="0.0">
    <ignored/>
  </testcase> <!-- @AfterSuite tearDownSuite -->
</testsuite> <!-- LiveInfo -->
