<?xml version="1.0" encoding="UTF-8"?>
<!-- Generated by org.testng.reporters.JUnitXMLReporter -->
<testsuite ignored="0" hostname="iramtech-Vostro-3470" failures="0" tests="2" name="Mobile App Launch" time="14.035" errors="0" timestamp="2024-08-14T14:42:22 IST">
  <testcase classname="com.silvassaOfficer.testcases.LaunchApp" name="officer_App" time="3.151"/>
  <testcase classname="com.silvassaOfficer.testcases.LaunchApp" name="clickon_LoginButton" time="4.846"/>
</testsuite> <!-- Mobile App Launch -->
