<?xml version="1.0" encoding="UTF-8"?>
<!-- Generated by org.testng.reporters.JUnitXMLReporter -->
<testsuite ignored="2" hostname="iramtech-Vostro-3470" failures="0" tests="25" name="Reports Analytics || AuditTrail Reports Test" time="139.435" errors="0" timestamp="2024-08-01T15:30:59 IST">
  <testcase classname="com.silvassaOfficer.testcases.TC_LoginTest_001" name="login" time="5.491"/>
  <testcase classname="com.silvassaOfficer.testcases.Audit_Reserve_016" name="clickon_Menu" time="8.532"/>
  <testcase classname="com.silvassaOfficer.testcases.Audit_Reserve_016" name="clickon_AuditReservations_Page" time="3.953"/>
  <testcase classname="com.silvassaOfficer.testcases.Audit_Reserve_016" name="clickOn_SitesDropDownList" time="8.234"/>
  <testcase classname="com.silvassaOfficer.testcases.Audit_Reserve_016" name="clickOn_TransType" time="5.409"/>
  <testcase classname="com.silvassaOfficer.testcases.Audit_Reserve_016" name="select_Reservations" time="5.811"/>
  <testcase classname="com.silvassaOfficer.testcases.Audit_Reserve_016" name="click1D_Button_AuditReserve" time="2.35"/>
  <testcase classname="com.silvassaOfficer.testcases.Audit_Reserve_016" name="click1W_Button_AuditReserve" time="2.365"/>
  <testcase classname="com.silvassaOfficer.testcases.Audit_Reserve_016" name="click1M_Button_AuditReserve" time="2.355"/>
  <testcase classname="com.silvassaOfficer.testcases.Audit_Reserve_016" name="clickOn_TransType_ToSelectPass" time="6.367"/>
  <testcase classname="com.silvassaOfficer.testcases.Audit_Reserve_016" name="select_Passes" time="5.803"/>
  <testcase classname="com.silvassaOfficer.testcases.Audit_Reserve_016" name="click1D_Button_AuditPass" time="2.352"/>
  <testcase classname="com.silvassaOfficer.testcases.Audit_Reserve_016" name="click1W_Button_AuditPass" time="2.353"/>
  <testcase classname="com.silvassaOfficer.testcases.Audit_Reserve_016" name="click1M_Button_AuditPass" time="2.34"/>
  <testcase classname="com.silvassaOfficer.testcases.Audit_PosDevice_017" name="click_SiteReports_DeviceStatus" time="3.699"/>
  <testcase classname="com.silvassaOfficer.testcases.Audit_PosDevice_017" name="click1D_Button_AuditPOS" time="2.434"/>
  <testcase classname="com.silvassaOfficer.testcases.Audit_PosDevice_017" name="click1W_Button_AuditPOS" time="2.404"/>
  <testcase classname="com.silvassaOfficer.testcases.Audit_PosDevice_017" name="click1M_Button_AuditPOS" time="2.4"/>
  <testcase classname="com.silvassaOfficer.testcases.Audit_PosDevice_017" name="clickOn_StatusType_ToSelect_Entry" time="6.493"/>
  <testcase classname="com.silvassaOfficer.testcases.Audit_PosDevice_017" name="select_EntryType" time="6.107"/>
  <testcase classname="com.silvassaOfficer.testcases.Audit_PosDevice_017" name="clickOn_StatusType_ToSelect_Exit" time="6.734"/>
  <testcase classname="com.silvassaOfficer.testcases.Audit_PosDevice_017" name="select_ExitType" time="6.139"/>
  <testcase classname="com.silvassaOfficer.testcases.Audit_PosDevice_017" name="clickOn_StatusType_ToSelect_Manintenance" time="6.458"/>
  <testcase classname="com.silvassaOfficer.testcases.Audit_PosDevice_017" name="select_MaintenanceType" time="5.834"/>
  <testcase classname="com.silvassaOfficer.testcases.Audit_PosDevice_017" name="scroll_Thepage" time="2.153"/>
  <testcase classname="com.silvassaOfficer.testcases.Basetest" name="@BeforeSuite setup" time="0.0">
    <ignored/>
  </testcase> <!-- @BeforeSuite setup -->
  <testcase classname="com.silvassaOfficer.testcases.Basetest" name="@AfterSuite tearDownSuite" time="0.0">
    <ignored/>
  </testcase> <!-- @AfterSuite tearDownSuite -->
</testsuite> <!-- Reports Analytics || AuditTrail Reports Test -->
