<?xml version="1.0" encoding="UTF-8"?>
<!-- Generated by org.testng.reporters.JUnitXMLReporter -->
<testsuite ignored="4" hostname="iramtech-Vostro-3470" failures="0" tests="18" name="Reports Analytics || Site Analytics Reports Test" time="260.255" errors="0" timestamp="2024-08-14T14:46:42 IST">
  <testcase classname="com.silvassaOfficer.testcases.Basetest" name="@AfterClass tearDownClass" time="15.103">
    <failure type="java.lang.AssertionError" message="Failed to Logout from the application:An element could not be located on the page using the given search parameters.
For documentation on this error, please visit: https://selenium.dev/exceptions/#no_such_element
Build info: version: &amp;apos;4.9.1&amp;apos;, revision: &amp;apos;eb2032df7f&amp;apos;
System info: os.name: &amp;apos;Linux&amp;apos;, os.arch: &amp;apos;amd64&amp;apos;, os.version: &amp;apos;6.5.0-28-generic&amp;apos;, java.version: &amp;apos;18.0.2-ea&amp;apos;
Driver info: io.appium.java_client.android.AndroidDriver
Command: [c4c14c87-1582-4ebe-9055-2a766aa21640, findElement {using=xpath, value=//hierarchy/android.widget.FrameLayout/android.widget.LinearLayout/android.widget.FrameLayout/android.widget.LinearLayout/android.widget.FrameLayout/android.widget.RelativeLayout/android.webkit.WebView/android.webkit.WebView/android.view.View/android.view.View[1]/android.widget.ListView/android.view.View[2]/android.widget.Button}]
Capabilities {appium:appActivity: com.iramtech.silvassa_offic..., appium:appPackage: com.iramtech.silvassa_officer, appium:automationName: UiAutomator2, appium:databaseEnabled: false, appium:desired: {appActivity: com.iramtech.silvassa_offic..., appPackage: com.iramtech.silvassa_officer, automationName: UiAutomator2, deviceName: moto e13 , noReset: true, platformName: ANDROID, platformVersion: 13.0, testOnly: false}, appium:deviceApiLevel: 33, appium:deviceManufacturer: motorola, appium:deviceModel: moto e13, appium:deviceName: ZD22293992, appium:deviceScreenDensity: 280, appium:deviceScreenSize: 720x1600, appium:deviceUDID: ZD22293992, appium:javascriptEnabled: true, appium:locationContextEnabled: false, appium:networkConnectionEnabled: true, appium:noReset: true, appium:pixelRatio: 1.75, appium:platformVersion: 13, appium:statBarHeight: 42, appium:takesScreenshot: true, appium:testOnly: false, appium:viewportRect: {height: 1558, left: 0, top: 42, width: 720}, appium:warnings: {}, appium:webStorageEnabled: false, platformName: ANDROID}
Session ID: c4c14c87-1582-4ebe-9055-2a766aa21640 expected [true] but found [false]">
      <![CDATA[java.lang.AssertionError: Failed to Logout from the application:An element could not be located on the page using the given search parameters.
For documentation on this error, please visit: https://selenium.dev/exceptions/#no_such_element
Build info: version: '4.9.1', revision: 'eb2032df7f'
System info: os.name: 'Linux', os.arch: 'amd64', os.version: '6.5.0-28-generic', java.version: '18.0.2-ea'
Driver info: io.appium.java_client.android.AndroidDriver
Command: [c4c14c87-1582-4ebe-9055-2a766aa21640, findElement {using=xpath, value=//hierarchy/android.widget.FrameLayout/android.widget.LinearLayout/android.widget.FrameLayout/android.widget.LinearLayout/android.widget.FrameLayout/android.widget.RelativeLayout/android.webkit.WebView/android.webkit.WebView/android.view.View/android.view.View[1]/android.widget.ListView/android.view.View[2]/android.widget.Button}]
Capabilities {appium:appActivity: com.iramtech.silvassa_offic..., appium:appPackage: com.iramtech.silvassa_officer, appium:automationName: UiAutomator2, appium:databaseEnabled: false, appium:desired: {appActivity: com.iramtech.silvassa_offic..., appPackage: com.iramtech.silvassa_officer, automationName: UiAutomator2, deviceName: moto e13 , noReset: true, platformName: ANDROID, platformVersion: 13.0, testOnly: false}, appium:deviceApiLevel: 33, appium:deviceManufacturer: motorola, appium:deviceModel: moto e13, appium:deviceName: ZD22293992, appium:deviceScreenDensity: 280, appium:deviceScreenSize: 720x1600, appium:deviceUDID: ZD22293992, appium:javascriptEnabled: true, appium:locationContextEnabled: false, appium:networkConnectionEnabled: true, appium:noReset: true, appium:pixelRatio: 1.75, appium:platformVersion: 13, appium:statBarHeight: 42, appium:takesScreenshot: true, appium:testOnly: false, appium:viewportRect: {height: 1558, left: 0, top: 42, width: 720}, appium:warnings: {}, appium:webStorageEnabled: false, platformName: ANDROID}
Session ID: c4c14c87-1582-4ebe-9055-2a766aa21640 expected [true] but found [false]
at com.silvassaOfficer.testcases.Basetest.tearDownClass(BaseTest.java:132)
at com.silvassaOfficer.testcases.SiteAnalytics_Occupancy_015.tearDownClass(SiteAnalytics_Occupancy_015.java:10)
at java.base/java.util.ArrayList.forEach(ArrayList.java:1511)
... Removed 30 stack frames]]>
    </failure>
  </testcase> <!-- @AfterClass tearDownClass -->
  <testcase classname="com.silvassaOfficer.testcases.TC_LoginTest_001" name="verify_Title" time="4.51"/>
  <testcase classname="com.silvassaOfficer.testcases.TC_LoginTest_001" name="login" time="3.646"/>
  <testcase classname="com.silvassaOfficer.testcases.SiteAnalytics_Duration_013" name="clickon_Menu" time="9.188"/>
  <testcase classname="com.silvassaOfficer.testcases.SiteAnalytics_Duration_013" name="clickon_SiteAnalytics_Page" time="3.568"/>
  <testcase classname="com.silvassaOfficer.testcases.SiteAnalytics_Duration_013" name="clickOn_SitesDropDownList" time="7.542"/>
  <testcase classname="com.silvassaOfficer.testcases.SiteAnalytics_Duration_013" name="click1D_Button_Duration" time="17.126"/>
  <testcase classname="com.silvassaOfficer.testcases.SiteAnalytics_Duration_013" name="click1W_Button_Duration" time="17.097"/>
  <testcase classname="com.silvassaOfficer.testcases.SiteAnalytics_Duration_013" name="click1M_Button_Duration" time="17.102"/>
  <testcase classname="com.silvassaOfficer.testcases.SiteAnalytics_Duration_013" name="click_Analytics_4Wheeler" time="17.104"/>
  <testcase classname="com.silvassaOfficer.testcases.SiteAnalytics_Duration_013" name="click_Analytics_2Wheeler" time="17.087"/>
  <testcase classname="com.silvassaOfficer.testcases.SiteAnalytics_TransFreq_014" name="click_Analytics_TransactionFreqTab" time="12.124"/>
  <testcase classname="com.silvassaOfficer.testcases.SiteAnalytics_TransFreq_014" name="click1W_Button_Freq" time="12.116"/>
  <testcase classname="com.silvassaOfficer.testcases.SiteAnalytics_TransFreq_014" name="click1M_Button_Freq" time="12.092"/>
  <testcase classname="com.silvassaOfficer.testcases.SiteAnalytics_TransFreq_014" name="click3M_Button_Freq" time="12.122"/>
  <testcase classname="com.silvassaOfficer.testcases.SiteAnalytics_Occupancy_015" name="click_Analytics_Occupancy" time="12.123"/>
  <testcase classname="com.silvassaOfficer.testcases.SiteAnalytics_Occupancy_015" name="click1W_Button_Occupancy" time="12.112"/>
  <testcase classname="com.silvassaOfficer.testcases.SiteAnalytics_Occupancy_015" name="click1M_Button_Occupancy" time="12.115"/>
  <testcase classname="com.silvassaOfficer.testcases.SiteAnalytics_Occupancy_015" name="click3M_Button_Occupancy" time="12.106"/>
  <testcase classname="com.silvassaOfficer.testcases.Basetest" name="@AfterSuite tearDownSuite" time="0.0">
    <ignored/>
  </testcase> <!-- @AfterSuite tearDownSuite -->
  <testcase classname="com.silvassaOfficer.testcases.Basetest" name="@AfterSuite tearDownSuite" time="0.0">
    <ignored/>
  </testcase> <!-- @AfterSuite tearDownSuite -->
  <testcase classname="com.silvassaOfficer.testcases.Basetest" name="@BeforeSuite setup" time="0.0">
    <ignored/>
  </testcase> <!-- @BeforeSuite setup -->
  <testcase classname="com.silvassaOfficer.testcases.Basetest" name="@BeforeSuite setup" time="0.0">
    <ignored/>
  </testcase> <!-- @BeforeSuite setup -->
</testsuite> <!-- Reports Analytics || Site Analytics Reports Test -->
