<?xml version="1.0" encoding="UTF-8"?>
<!-- Generated by org.testng.reporters.JUnitXMLReporter -->
<testsuite ignored="4" hostname="iramtech-Vostro-3470" failures="0" tests="15" name="Reports Analytics || Site Reports Test" time="111.41" errors="0" timestamp="2024-08-01T15:24:29 IST">
  <testcase classname="com.silvassaOfficer.testcases.TC_LoginTest_001" name="login" time="5.025"/>
  <testcase classname="com.silvassaOfficer.testcases.SiteReports_Revenue_010" name="clickon_Menu" time="10.175"/>
  <testcase classname="com.silvassaOfficer.testcases.SiteReports_Revenue_010" name="clickon_SiteReports_Page" time="3.65"/>
  <testcase classname="com.silvassaOfficer.testcases.SiteReports_Revenue_010" name="clickOn_SitesDropDownList" time="7.76"/>
  <testcase classname="com.silvassaOfficer.testcases.SiteReports_Revenue_010" name="click1D_Button" time="2.788"/>
  <testcase classname="com.silvassaOfficer.testcases.SiteReports_Revenue_010" name="click1W_Button" time="2.744"/>
  <testcase classname="com.silvassaOfficer.testcases.SiteReports_Revenue_010" name="click1M_Button" time="2.94"/>
  <testcase classname="com.silvassaOfficer.testcases.SiteReports_Revenue_010" name="click_SiteReports_ViewDetails" time="2.374"/>
  <testcase classname="com.silvassaOfficer.testcases.SiteReports_Revenue_010" name="click_SiteReports_ViewDetails_Csv" time="2.51"/>
  <testcase classname="com.silvassaOfficer.testcases.SiteReports_Revenue_010" name="click_SiteReports_ViewDetails_Pdf" time="2.461"/>
  <testcase classname="com.silvassaOfficer.testcases.SiteReports_Revenue_010" name="click_SiteReports_ViewDetails_Close" time="2.424"/>
  <testcase classname="com.silvassaOfficer.testcases.SiteReports_Device_011" name="click_SiteReports_DeviceStatus" time="4.439"/>
  <testcase classname="com.silvassaOfficer.testcases.SiteReports_Device_011" name="click_ShowEntries" time="13.244"/>
  <testcase classname="com.silvassaOfficer.testcases.SiteReports_Alerts_012" name="click_SiteReports_AlertsTab" time="4.309"/>
  <testcase classname="com.silvassaOfficer.testcases.SiteReports_Alerts_012" name="click_ShowEntries" time="13.206"/>
  <testcase classname="com.silvassaOfficer.testcases.Basetest" name="@AfterSuite tearDownSuite" time="0.0">
    <ignored/>
  </testcase> <!-- @AfterSuite tearDownSuite -->
  <testcase classname="com.silvassaOfficer.testcases.Basetest" name="@AfterSuite tearDownSuite" time="0.0">
    <ignored/>
  </testcase> <!-- @AfterSuite tearDownSuite -->
  <testcase classname="com.silvassaOfficer.testcases.Basetest" name="@BeforeSuite setup" time="0.0">
    <ignored/>
  </testcase> <!-- @BeforeSuite setup -->
  <testcase classname="com.silvassaOfficer.testcases.Basetest" name="@BeforeSuite setup" time="0.0">
    <ignored/>
  </testcase> <!-- @BeforeSuite setup -->
</testsuite> <!-- Reports Analytics || Site Reports Test -->
