<?xml version="1.0" encoding="UTF-8"?>
<!-- Generated by org.testng.reporters.JUnitXMLReporter -->
<testsuite ignored="0" hostname="iramtech-Vostro-3470" failures="0" tests="9" name="User Log || FeedBack/Complaint" time="96.034" errors="0" timestamp="2024-08-01T15:38:52 IST">
  <testcase classname="com.silvassaOfficer.testcases.TC_LoginTest_001" name="@AfterClass tearDownClass" time="15.209">
    <failure type="java.lang.AssertionError" message="Failed to Logout from the application:An element could not be located on the page using the given search parameters.
For documentation on this error, please visit: https://selenium.dev/exceptions/#no_such_element
Build info: version: &amp;apos;4.9.1&amp;apos;, revision: &amp;apos;eb2032df7f&amp;apos;
System info: os.name: &amp;apos;Linux&amp;apos;, os.arch: &amp;apos;amd64&amp;apos;, os.version: &amp;apos;6.5.0-28-generic&amp;apos;, java.version: &amp;apos;18.0.2-ea&amp;apos;
Driver info: io.appium.java_client.android.AndroidDriver
Command: [4cb03aef-0152-4e0f-a8ef-2640be301374, findElement {using=xpath, value=//hierarchy/android.widget.FrameLayout/android.widget.LinearLayout/android.widget.FrameLayout/android.widget.LinearLayout/android.widget.FrameLayout/android.widget.RelativeLayout/android.webkit.WebView/android.webkit.WebView/android.view.View/android.view.View[1]/android.widget.ListView/android.view.View[2]/android.widget.Button}]
Capabilities {appium:appActivity: com.iramtech.silvassa_offic..., appium:appPackage: com.iramtech.silvassa_officer, appium:automationName: UiAutomator2, appium:databaseEnabled: false, appium:desired: {appActivity: com.iramtech.silvassa_offic..., appPackage: com.iramtech.silvassa_officer, automationName: UiAutomator2, deviceName: moto e13 , noReset: true, platformName: ANDROID, platformVersion: 13.0, testOnly: false}, appium:deviceApiLevel: 33, appium:deviceManufacturer: motorola, appium:deviceModel: moto e13, appium:deviceName: ZD22293992, appium:deviceScreenDensity: 280, appium:deviceScreenSize: 720x1600, appium:deviceUDID: ZD22293992, appium:javascriptEnabled: true, appium:locationContextEnabled: false, appium:networkConnectionEnabled: true, appium:noReset: true, appium:pixelRatio: 1.75, appium:platformVersion: 13, appium:statBarHeight: 42, appium:takesScreenshot: true, appium:testOnly: false, appium:viewportRect: {height: 1558, left: 0, top: 42, width: 720}, appium:warnings: {}, appium:webStorageEnabled: false, platformName: ANDROID}
Session ID: 4cb03aef-0152-4e0f-a8ef-2640be301374 expected [true] but found [false]">
      <![CDATA[java.lang.AssertionError: Failed to Logout from the application:An element could not be located on the page using the given search parameters.
For documentation on this error, please visit: https://selenium.dev/exceptions/#no_such_element
Build info: version: '4.9.1', revision: 'eb2032df7f'
System info: os.name: 'Linux', os.arch: 'amd64', os.version: '6.5.0-28-generic', java.version: '18.0.2-ea'
Driver info: io.appium.java_client.android.AndroidDriver
Command: [4cb03aef-0152-4e0f-a8ef-2640be301374, findElement {using=xpath, value=//hierarchy/android.widget.FrameLayout/android.widget.LinearLayout/android.widget.FrameLayout/android.widget.LinearLayout/android.widget.FrameLayout/android.widget.RelativeLayout/android.webkit.WebView/android.webkit.WebView/android.view.View/android.view.View[1]/android.widget.ListView/android.view.View[2]/android.widget.Button}]
Capabilities {appium:appActivity: com.iramtech.silvassa_offic..., appium:appPackage: com.iramtech.silvassa_officer, appium:automationName: UiAutomator2, appium:databaseEnabled: false, appium:desired: {appActivity: com.iramtech.silvassa_offic..., appPackage: com.iramtech.silvassa_officer, automationName: UiAutomator2, deviceName: moto e13 , noReset: true, platformName: ANDROID, platformVersion: 13.0, testOnly: false}, appium:deviceApiLevel: 33, appium:deviceManufacturer: motorola, appium:deviceModel: moto e13, appium:deviceName: ZD22293992, appium:deviceScreenDensity: 280, appium:deviceScreenSize: 720x1600, appium:deviceUDID: ZD22293992, appium:javascriptEnabled: true, appium:locationContextEnabled: false, appium:networkConnectionEnabled: true, appium:noReset: true, appium:pixelRatio: 1.75, appium:platformVersion: 13, appium:statBarHeight: 42, appium:takesScreenshot: true, appium:testOnly: false, appium:viewportRect: {height: 1558, left: 0, top: 42, width: 720}, appium:warnings: {}, appium:webStorageEnabled: false, platformName: ANDROID}
Session ID: 4cb03aef-0152-4e0f-a8ef-2640be301374 expected [true] but found [false]
at com.silvassaOfficer.testcases.Basetest.tearDownClass(BaseTest.java:131)
at com.silvassaOfficer.testcases.TC_LoginTest_001.tearDownClass(TC_LoginTest_001.java:11)
at java.base/java.util.ArrayList.forEach(ArrayList.java:1511)
... Removed 30 stack frames]]>
    </failure>
  </testcase> <!-- @AfterClass tearDownClass -->
  <testcase classname="com.silvassaOfficer.testcases.TC_LoginTest_001" name="login" time="18.184"/>
  <testcase classname="com.silvassaOfficer.testcases.FeedbackComplaint_025" name="clickon_Menu_FeedbackComplaint" time="6.479"/>
  <testcase classname="com.silvassaOfficer.testcases.FeedbackComplaint_025" name="clickOn_SitesDropDownList" time="22.745"/>
  <testcase classname="com.silvassaOfficer.testcases.FeedbackComplaint_025" name="click1D_Button" time="0.944"/>
  <testcase classname="com.silvassaOfficer.testcases.FeedbackComplaint_025" name="click1W_Button" time="2.436"/>
  <testcase classname="com.silvassaOfficer.testcases.FeedbackComplaint_025" name="click1M_Button" time="5.428"/>
  <testcase classname="com.silvassaOfficer.testcases.FeedbackComplaint_025" name="click_ShowEntries" time="5.49"/>
  <testcase classname="com.silvassaOfficer.testcases.FeedbackComplaint_025" name="click_ComplaintTab" time="5.492"/>
  <testcase classname="com.silvassaOfficer.testcases.FeedbackComplaint_025" name="clickon_Complaint_Calender" time="9.057"/>
</testsuite> <!-- User Log || FeedBack/Complaint -->
