<?xml version="1.0" encoding="UTF-8"?>
<!-- Generated by org.testng.reporters.JUnitXMLReporter -->
<testsuite ignored="2" hostname="iramtech-Vostro-3470" failures="0" tests="20" name="User Log || Activity Log" time="133.563" errors="0" timestamp="2024-08-01T15:36:41 IST">
  <testcase classname="com.silvassaOfficer.testcases.TC_LoginTest_001" name="login" time="5.106"/>
  <testcase classname="com.silvassaOfficer.testcases.ActivityLogs_023" name="clickon_Menu_UserLog" time="8.95"/>
  <testcase classname="com.silvassaOfficer.testcases.ActivityLogs_023" name="clickon_Menu_UserLog_ActivityLogs" time="2.722"/>
  <testcase classname="com.silvassaOfficer.testcases.ActivityLogs_023" name="clickon_ActivityLogs_SelectRole" time="4.849"/>
  <testcase classname="com.silvassaOfficer.testcases.ActivityLogs_023" name="clickon_ActivityLogs_SelectAdminRole" time="3.169"/>
  <testcase classname="com.silvassaOfficer.testcases.ActivityLogs_023" name="clickon_ActivityLogs_SelectUser" time="4.218"/>
  <testcase classname="com.silvassaOfficer.testcases.ActivityLogs_023" name="clickon_ActivityLogs_SilvassaUser" time="3.053"/>
  <testcase classname="com.silvassaOfficer.testcases.ActivityLogs_023" name="click1D_Button" time="0.446"/>
  <testcase classname="com.silvassaOfficer.testcases.ActivityLogs_023" name="click1W_Button" time="5.427"/>
  <testcase classname="com.silvassaOfficer.testcases.ActivityLogs_023" name="click1M_Button" time="5.433"/>
  <testcase classname="com.silvassaOfficer.testcases.ActivityLogs_023" name="clickon_ActivityLogs_SelectRole_Again" time="3.796"/>
  <testcase classname="com.silvassaOfficer.testcases.ActivityLogs_023" name="clickon_ActivityLogs_SelectAttenderRole" time="3.602"/>
  <testcase classname="com.silvassaOfficer.testcases.ActivityLogs_023" name="clickon_ActivityLogs_SelectUser_Again" time="3.668"/>
  <testcase classname="com.silvassaOfficer.testcases.ActivityLogs_023" name="clickon_ActivityLogs_AlekhyaUser" time="3.147"/>
  <testcase classname="com.silvassaOfficer.testcases.ActivityLogs_023" name="clickon_ActivityLogs_AlekhyaUser_Calender" time="11.435"/>
  <testcase classname="com.silvassaOfficer.testcases.TC_LoginTest_001" name="login" time="5.031"/>
  <testcase classname="com.silvassaOfficer.testcases.AttenderLiveSessions_024" name="clickon_Menu_UserLog" time="8.415"/>
  <testcase classname="com.silvassaOfficer.testcases.AttenderLiveSessions_024" name="clickon_Menu_UserLog_AttenderLiveSessions" time="2.963"/>
  <testcase classname="com.silvassaOfficer.testcases.AttenderLiveSessions_024" name="clickOn_SitesDropDownList" time="7.139"/>
  <testcase classname="com.silvassaOfficer.testcases.AttenderLiveSessions_024" name="click_ShowEntries" time="6.43"/>
  <testcase classname="com.silvassaOfficer.testcases.TC_LoginTest_001" name="@BeforeSuite setup" time="0.0">
    <ignored/>
  </testcase> <!-- @BeforeSuite setup -->
  <testcase classname="com.silvassaOfficer.testcases.TC_LoginTest_001" name="@AfterSuite tearDownSuite" time="0.0">
    <ignored/>
  </testcase> <!-- @AfterSuite tearDownSuite -->
</testsuite> <!-- User Log || Activity Log -->
