<?xml version="1.0" encoding="UTF-8"?>
<!-- Generated by org.testng.reporters.JUnitXMLReporter -->
<testsuite ignored="0" hostname="iramtech-Vostro-3470" failures="0" tests="10" name="Surefire test" time="165.66" errors="0" timestamp="2024-08-01T17:14:51 IST">
  <testcase classname="com.silvassaOfficer.testcases.TC_LoginTest_001" name="@AfterClass tearDownClass" time="15.106">
    <failure type="java.lang.AssertionError" message="Failed to Logout from the application:An element could not be located on the page using the given search parameters.
For documentation on this error, please visit: https://selenium.dev/exceptions/#no_such_element
Build info: version: &amp;apos;4.9.1&amp;apos;, revision: &amp;apos;eb2032df7f&amp;apos;
System info: os.name: &amp;apos;Linux&amp;apos;, os.arch: &amp;apos;amd64&amp;apos;, os.version: &amp;apos;6.5.0-28-generic&amp;apos;, java.version: &amp;apos;18.0.2-ea&amp;apos;
Driver info: io.appium.java_client.android.AndroidDriver
Command: [2bcc8f26-c516-4103-9022-b6ae4d4047c1, findElement {using=xpath, value=//android.widget.Button[@text=&amp;apos;User Name&amp;apos;]}]
Capabilities {appium:appActivity: com.iramtech.silvassa_offic..., appium:appPackage: com.iramtech.silvassa_officer, appium:automationName: UiAutomator2, appium:databaseEnabled: false, appium:desired: {appActivity: com.iramtech.silvassa_offic..., appPackage: com.iramtech.silvassa_officer, automationName: UiAutomator2, deviceName: moto e13 , noReset: true, platformName: ANDROID, platformVersion: 13.0, testOnly: false}, appium:deviceApiLevel: 33, appium:deviceManufacturer: motorola, appium:deviceModel: moto e13, appium:deviceName: ZD22293992, appium:deviceScreenDensity: 280, appium:deviceScreenSize: 720x1600, appium:deviceUDID: ZD22293992, appium:javascriptEnabled: true, appium:locationContextEnabled: false, appium:networkConnectionEnabled: true, appium:noReset: true, appium:pixelRatio: 1.75, appium:platformVersion: 13, appium:statBarHeight: 42, appium:takesScreenshot: true, appium:testOnly: false, appium:viewportRect: {height: 1558, left: 0, top: 42, width: 720}, appium:warnings: {}, appium:webStorageEnabled: false, platformName: ANDROID}
Session ID: 2bcc8f26-c516-4103-9022-b6ae4d4047c1 expected [true] but found [false]">
      <![CDATA[java.lang.AssertionError: Failed to Logout from the application:An element could not be located on the page using the given search parameters.
For documentation on this error, please visit: https://selenium.dev/exceptions/#no_such_element
Build info: version: '4.9.1', revision: 'eb2032df7f'
System info: os.name: 'Linux', os.arch: 'amd64', os.version: '6.5.0-28-generic', java.version: '18.0.2-ea'
Driver info: io.appium.java_client.android.AndroidDriver
Command: [2bcc8f26-c516-4103-9022-b6ae4d4047c1, findElement {using=xpath, value=//android.widget.Button[@text='User Name']}]
Capabilities {appium:appActivity: com.iramtech.silvassa_offic..., appium:appPackage: com.iramtech.silvassa_officer, appium:automationName: UiAutomator2, appium:databaseEnabled: false, appium:desired: {appActivity: com.iramtech.silvassa_offic..., appPackage: com.iramtech.silvassa_officer, automationName: UiAutomator2, deviceName: moto e13 , noReset: true, platformName: ANDROID, platformVersion: 13.0, testOnly: false}, appium:deviceApiLevel: 33, appium:deviceManufacturer: motorola, appium:deviceModel: moto e13, appium:deviceName: ZD22293992, appium:deviceScreenDensity: 280, appium:deviceScreenSize: 720x1600, appium:deviceUDID: ZD22293992, appium:javascriptEnabled: true, appium:locationContextEnabled: false, appium:networkConnectionEnabled: true, appium:noReset: true, appium:pixelRatio: 1.75, appium:platformVersion: 13, appium:statBarHeight: 42, appium:takesScreenshot: true, appium:testOnly: false, appium:viewportRect: {height: 1558, left: 0, top: 42, width: 720}, appium:warnings: {}, appium:webStorageEnabled: false, platformName: ANDROID}
Session ID: 2bcc8f26-c516-4103-9022-b6ae4d4047c1 expected [true] but found [false]
at com.silvassaOfficer.testcases.Basetest.tearDownClass(BaseTest.java:131)
at com.silvassaOfficer.testcases.TC_LoginTest_001.tearDownClass(TC_LoginTest_001.java:13)
at java.base/java.util.ArrayList.forEach(ArrayList.java:1511)
... Removed 31 stack frames]]>
    </failure>
  </testcase> <!-- @AfterClass tearDownClass -->
  <testcase classname="com.silvassaOfficer.testcases.TC_LoginTest_001" name="verify_Title" time="5.062"/>
  <testcase classname="com.silvassaOfficer.testcases.TC_LoginTest_001" name="login" time="3.842"/>
  <testcase classname="com.silvassaOfficer.testcases.FeedbackComplaint_025" name="clickon_Menu_FeedbackComplaint" time="9.356"/>
  <testcase classname="com.silvassaOfficer.testcases.FeedbackComplaint_025" name="clickOn_SitesDropDownList" time="21.866"/>
  <testcase classname="com.silvassaOfficer.testcases.FeedbackComplaint_025" name="click1D_Button" time="10.328"/>
  <testcase classname="com.silvassaOfficer.testcases.FeedbackComplaint_025" name="click1W_Button" time="12.293"/>
  <testcase classname="com.silvassaOfficer.testcases.FeedbackComplaint_025" name="click1M_Button" time="15.417"/>
  <testcase classname="com.silvassaOfficer.testcases.FeedbackComplaint_025" name="click_ShowEntries" time="13.287"/>
  <testcase classname="com.silvassaOfficer.testcases.FeedbackComplaint_025" name="click_ComplaintTab" time="15.304"/>
  <testcase classname="com.silvassaOfficer.testcases.FeedbackComplaint_025" name="clickon_Complaint_Calender" time="37.834"/>
</testsuite> <!-- Surefire test -->
