<?xml version="1.0" encoding="UTF-8"?>
<testsuite xmlns:xsi="http://www.w3.org/2001/XMLSchema-instance" xsi:noNamespaceSchemaLocation="https://maven.apache.org/surefire/maven-surefire-plugin/xsd/surefire-test-report-3.0.xsd" version="3.0" name="TestSuite" time="225.992" tests="29" errors="0" skipped="0" failures="1">
  <properties>
[...]
</properties>
  <testcase name="verify_Title" classname="com.silvassaOfficer.testcases.TC_Dashboard_Revenue_001" time="3.855">
    <system-out><![CDATA[Before setup and Launch the application
Title name is matched : WELCOME TO SILVASSA SMART PARKING WEB PORTAL
]]></system-out>
    <system-err><![CDATA[SLF4J: No SLF4J providers were found.
SLF4J: Defaulting to no-operation (NOP) logger implementation
SLF4J: See https://www.slf4j.org/codes.html#noProviders for further details.
]]></system-err>
  </testcase>
  <testcase name="login" classname="com.silvassaOfficer.testcases.TC_Dashboard_Revenue_001" time="3.629">
    <system-out><![CDATA[Entered Username & Password Successfully and clicked the login button
]]></system-out>
  </testcase>
  <testcase name="click1D_Button" classname="com.silvassaOfficer.testcases.TC_Dashboard_Revenue_001" time="6.768">
    <system-out><![CDATA[Click One Day Revenue ui data 
]]></system-out>
  </testcase>
  <testcase name="get1D_Revenue" classname="com.silvassaOfficer.testcases.TC_Dashboard_Revenue_001" time="0.29">
    <system-out><![CDATA[One Day Revenue ui data  is  0
]]></system-out>
  </testcase>
  <testcase name="click1W_Button" classname="com.silvassaOfficer.testcases.TC_Dashboard_Revenue_001" time="6.485">
    <system-out><![CDATA[One Week Revenue ui data  is  0
]]></system-out>
  </testcase>
  <testcase name="click1M_Button" classname="com.silvassaOfficer.testcases.TC_Dashboard_Revenue_001" time="6.284">
    <system-out><![CDATA[One Month Revenue ui data  is  0
]]></system-out>
  </testcase>
  <testcase name="getSummaryDashoard_Cards" classname="com.silvassaOfficer.testcases.TC_Dashboard_Revenue_001" time="3.322">
    <system-out><![CDATA[Summary Card Names:



]]></system-out>
  </testcase>
  <testcase name="click_ShowEntries" classname="com.silvassaOfficer.testcases.TC_Dashboard_Revenue_001" time="5.184">
    <system-out><![CDATA[Select Show Entries succeessfully
]]></system-out>
  </testcase>
  <testcase name="scroll_Thepage" classname="com.silvassaOfficer.testcases.TC_Dashboard_Revenue_001" time="12.527">
    <system-err><![CDATA[Failed to Scroll the page: An element could not be located on the page using the given search parameters.
For documentation on this error, please visit: https://selenium.dev/exceptions/#no_such_element
Build info: version: '4.9.1', revision: 'eb2032df7f'
System info: os.name: 'Linux', os.arch: 'amd64', os.version: '6.5.0-28-generic', java.version: '18.0.2-ea'
Driver info: io.appium.java_client.android.AndroidDriver
Command: [b80eb43e-a6ca-4bc9-8e50-e1523a258053, findElement {using=-android uiautomator, value=new UiScrollable(new UiSelector().scrollable(true)).scrollIntoView(new UiSelector().text("Previous"));}]
Capabilities {appium:appActivity: com.iramtech.silvassa_offic..., appium:appPackage: com.iramtech.silvassa_officer, appium:automationName: UiAutomator2, appium:databaseEnabled: false, appium:desired: {appActivity: com.iramtech.silvassa_offic..., appPackage: com.iramtech.silvassa_officer, automationName: UiAutomator2, deviceName: moto e13 , noReset: true, platformName: ANDROID, platformVersion: 13.0, testOnly: false}, appium:deviceApiLevel: 33, appium:deviceManufacturer: motorola, appium:deviceModel: moto e13, appium:deviceName: ZD22293992, appium:deviceScreenDensity: 280, appium:deviceScreenSize: 720x1600, appium:deviceUDID: ZD22293992, appium:javascriptEnabled: true, appium:locationContextEnabled: false, appium:networkConnectionEnabled: true, appium:noReset: true, appium:pixelRatio: 1.75, appium:platformVersion: 13, appium:statBarHeight: 42, appium:takesScreenshot: true, appium:testOnly: false, appium:viewportRect: {height: 1558, left: 0, top: 42, width: 720}, appium:warnings: {}, appium:webStorageEnabled: false, platformName: ANDROID}
Session ID: b80eb43e-a6ca-4bc9-8e50-e1523a258053
]]></system-err>
  </testcase>
  <testcase name="clickStart_EndDate" classname="com.silvassaOfficer.testcases.TC_Dashboard_Revenue_001" time="2.634">
    <system-out><![CDATA[Click on Start & End Date
]]></system-out>
  </testcase>
  <testcase name="click_BackWard_ToSelect_StartDate" classname="com.silvassaOfficer.testcases.TC_Dashboard_Revenue_001" time="2.487">
    <system-err><![CDATA[Failed to Click on backward button to select StartDate: androidx.test.uiautomator.StaleObjectException
For documentation on this error, please visit: https://selenium.dev/exceptions/#stale_element_reference
Build info: version: '4.9.1', revision: 'eb2032df7f'
System info: os.name: 'Linux', os.arch: 'amd64', os.version: '6.5.0-28-generic', java.version: '18.0.2-ea'
Driver info: io.appium.java_client.android.AndroidDriver
Command: [b80eb43e-a6ca-4bc9-8e50-e1523a258053, isElementDisplayed {id=00000000-0000-0261-0000-9c1c00000014}]
Capabilities {appium:appActivity: com.iramtech.silvassa_offic..., appium:appPackage: com.iramtech.silvassa_officer, appium:automationName: UiAutomator2, appium:databaseEnabled: false, appium:desired: {appActivity: com.iramtech.silvassa_offic..., appPackage: com.iramtech.silvassa_officer, automationName: UiAutomator2, deviceName: moto e13 , noReset: true, platformName: ANDROID, platformVersion: 13.0, testOnly: false}, appium:deviceApiLevel: 33, appium:deviceManufacturer: motorola, appium:deviceModel: moto e13, appium:deviceName: ZD22293992, appium:deviceScreenDensity: 280, appium:deviceScreenSize: 720x1600, appium:deviceUDID: ZD22293992, appium:javascriptEnabled: true, appium:locationContextEnabled: false, appium:networkConnectionEnabled: true, appium:noReset: true, appium:pixelRatio: 1.75, appium:platformVersion: 13, appium:statBarHeight: 42, appium:takesScreenshot: true, appium:testOnly: false, appium:viewportRect: {height: 1558, left: 0, top: 42, width: 720}, appium:warnings: {}, appium:webStorageEnabled: false, platformName: ANDROID}
Element: [[AndroidDriver:  on ANDROID (b80eb43e-a6ca-4bc9-8e50-e1523a258053)] -> xpath: /hierarchy/android.widget.FrameLayout/android.widget.LinearLayout/android.widget.FrameLayout/android.widget.LinearLayout/android.widget.FrameLayout/android.widget.RelativeLayout/android.webkit.WebView/android.webkit.WebView/android.view.View[2]/android.view.View[1]/android.widget.GridView/android.view.View[1]/android.view.View[1]/android.view.View[1]]
Session ID: b80eb43e-a6ca-4bc9-8e50-e1523a258053
]]></system-err>
  </testcase>
  <testcase name="clickStart_Date" classname="com.silvassaOfficer.testcases.TC_Dashboard_Revenue_001" time="11.112">
    <system-err><![CDATA[Failed to Select Start Date: An element could not be located on the page using the given search parameters.
For documentation on this error, please visit: https://selenium.dev/exceptions/#no_such_element
Build info: version: '4.9.1', revision: 'eb2032df7f'
System info: os.name: 'Linux', os.arch: 'amd64', os.version: '6.5.0-28-generic', java.version: '18.0.2-ea'
Driver info: io.appium.java_client.android.AndroidDriver
Command: [b80eb43e-a6ca-4bc9-8e50-e1523a258053, findElement {using=xpath, value=/hierarchy/android.widget.FrameLayout/android.widget.LinearLayout/android.widget.FrameLayout/android.widget.LinearLayout/android.widget.FrameLayout/android.widget.RelativeLayout/android.webkit.WebView/android.webkit.WebView/android.view.View[2]/android.view.View[1]/android.widget.GridView/android.view.View[3]/android.view.View[5]}]
Capabilities {appium:appActivity: com.iramtech.silvassa_offic..., appium:appPackage: com.iramtech.silvassa_officer, appium:automationName: UiAutomator2, appium:databaseEnabled: false, appium:desired: {appActivity: com.iramtech.silvassa_offic..., appPackage: com.iramtech.silvassa_officer, automationName: UiAutomator2, deviceName: moto e13 , noReset: true, platformName: ANDROID, platformVersion: 13.0, testOnly: false}, appium:deviceApiLevel: 33, appium:deviceManufacturer: motorola, appium:deviceModel: moto e13, appium:deviceName: ZD22293992, appium:deviceScreenDensity: 280, appium:deviceScreenSize: 720x1600, appium:deviceUDID: ZD22293992, appium:javascriptEnabled: true, appium:locationContextEnabled: false, appium:networkConnectionEnabled: true, appium:noReset: true, appium:pixelRatio: 1.75, appium:platformVersion: 13, appium:statBarHeight: 42, appium:takesScreenshot: true, appium:testOnly: false, appium:viewportRect: {height: 1558, left: 0, top: 42, width: 720}, appium:warnings: {}, appium:webStorageEnabled: false, platformName: ANDROID}
Session ID: b80eb43e-a6ca-4bc9-8e50-e1523a258053
]]></system-err>
  </testcase>
  <testcase name="click_ForWard_ToSelect_EndDate" classname="com.silvassaOfficer.testcases.TC_Dashboard_Revenue_001" time="11.142">
    <system-err><![CDATA[Failed Click Forward Button in DateRange: An element could not be located on the page using the given search parameters.
For documentation on this error, please visit: https://selenium.dev/exceptions/#no_such_element
Build info: version: '4.9.1', revision: 'eb2032df7f'
System info: os.name: 'Linux', os.arch: 'amd64', os.version: '6.5.0-28-generic', java.version: '18.0.2-ea'
Driver info: io.appium.java_client.android.AndroidDriver
Command: [b80eb43e-a6ca-4bc9-8e50-e1523a258053, findElement {using=xpath, value=/hierarchy/android.widget.FrameLayout/android.widget.LinearLayout/android.widget.FrameLayout/android.widget.LinearLayout/android.widget.FrameLayout/android.widget.RelativeLayout/android.webkit.WebView/android.webkit.WebView/android.view.View[2]/android.view.View[2]/android.widget.GridView/android.view.View[1]/android.view.View[1]/android.view.View[3]}]
Capabilities {appium:appActivity: com.iramtech.silvassa_offic..., appium:appPackage: com.iramtech.silvassa_officer, appium:automationName: UiAutomator2, appium:databaseEnabled: false, appium:desired: {appActivity: com.iramtech.silvassa_offic..., appPackage: com.iramtech.silvassa_officer, automationName: UiAutomator2, deviceName: moto e13 , noReset: true, platformName: ANDROID, platformVersion: 13.0, testOnly: false}, appium:deviceApiLevel: 33, appium:deviceManufacturer: motorola, appium:deviceModel: moto e13, appium:deviceName: ZD22293992, appium:deviceScreenDensity: 280, appium:deviceScreenSize: 720x1600, appium:deviceUDID: ZD22293992, appium:javascriptEnabled: true, appium:locationContextEnabled: false, appium:networkConnectionEnabled: true, appium:noReset: true, appium:pixelRatio: 1.75, appium:platformVersion: 13, appium:statBarHeight: 42, appium:takesScreenshot: true, appium:testOnly: false, appium:viewportRect: {height: 1558, left: 0, top: 42, width: 720}, appium:warnings: {}, appium:webStorageEnabled: false, platformName: ANDROID}
Session ID: b80eb43e-a6ca-4bc9-8e50-e1523a258053
]]></system-err>
  </testcase>
  <testcase name="select_EndDate_ApplyBtn" classname="com.silvassaOfficer.testcases.TC_Dashboard_Revenue_001" time="10.133">
    <system-err><![CDATA[Failed to Select on End Date: An element could not be located on the page using the given search parameters.
For documentation on this error, please visit: https://selenium.dev/exceptions/#no_such_element
Build info: version: '4.9.1', revision: 'eb2032df7f'
System info: os.name: 'Linux', os.arch: 'amd64', os.version: '6.5.0-28-generic', java.version: '18.0.2-ea'
Driver info: io.appium.java_client.android.AndroidDriver
Command: [b80eb43e-a6ca-4bc9-8e50-e1523a258053, findElement {using=xpath, value=/hierarchy/android.widget.FrameLayout/android.widget.LinearLayout/android.widget.FrameLayout/android.widget.LinearLayout/android.widget.FrameLayout/android.widget.RelativeLayout/android.webkit.WebView/android.webkit.WebView/android.view.View[2]/android.view.View[2]/android.widget.GridView/android.view.View[1]/android.view.View[1]/android.view.View[3]}]
Capabilities {appium:appActivity: com.iramtech.silvassa_offic..., appium:appPackage: com.iramtech.silvassa_officer, appium:automationName: UiAutomator2, appium:databaseEnabled: false, appium:desired: {appActivity: com.iramtech.silvassa_offic..., appPackage: com.iramtech.silvassa_officer, automationName: UiAutomator2, deviceName: moto e13 , noReset: true, platformName: ANDROID, platformVersion: 13.0, testOnly: false}, appium:deviceApiLevel: 33, appium:deviceManufacturer: motorola, appium:deviceModel: moto e13, appium:deviceName: ZD22293992, appium:deviceScreenDensity: 280, appium:deviceScreenSize: 720x1600, appium:deviceUDID: ZD22293992, appium:javascriptEnabled: true, appium:locationContextEnabled: false, appium:networkConnectionEnabled: true, appium:noReset: true, appium:pixelRatio: 1.75, appium:platformVersion: 13, appium:statBarHeight: 42, appium:takesScreenshot: true, appium:testOnly: false, appium:viewportRect: {height: 1558, left: 0, top: 42, width: 720}, appium:warnings: {}, appium:webStorageEnabled: false, platformName: ANDROID}
Session ID: b80eb43e-a6ca-4bc9-8e50-e1523a258053
]]></system-err>
  </testcase>
  <testcase name="click_ApplyBtn" classname="com.silvassaOfficer.testcases.TC_Dashboard_Revenue_001" time="15.126">
    <system-err><![CDATA[Failed to Click on dates Apply Button: An element could not be located on the page using the given search parameters.
For documentation on this error, please visit: https://selenium.dev/exceptions/#no_such_element
Build info: version: '4.9.1', revision: 'eb2032df7f'
System info: os.name: 'Linux', os.arch: 'amd64', os.version: '6.5.0-28-generic', java.version: '18.0.2-ea'
Driver info: io.appium.java_client.android.AndroidDriver
Command: [b80eb43e-a6ca-4bc9-8e50-e1523a258053, findElement {using=xpath, value=/hierarchy/android.widget.FrameLayout/android.widget.LinearLayout/android.widget.FrameLayout/android.widget.LinearLayout/android.widget.FrameLayout/android.widget.RelativeLayout/android.webkit.WebView/android.webkit.WebView/android.view.View[2]/android.view.View[3]/android.widget.Button[2]}]
Capabilities {appium:appActivity: com.iramtech.silvassa_offic..., appium:appPackage: com.iramtech.silvassa_officer, appium:automationName: UiAutomator2, appium:databaseEnabled: false, appium:desired: {appActivity: com.iramtech.silvassa_offic..., appPackage: com.iramtech.silvassa_officer, automationName: UiAutomator2, deviceName: moto e13 , noReset: true, platformName: ANDROID, platformVersion: 13.0, testOnly: false}, appium:deviceApiLevel: 33, appium:deviceManufacturer: motorola, appium:deviceModel: moto e13, appium:deviceName: ZD22293992, appium:deviceScreenDensity: 280, appium:deviceScreenSize: 720x1600, appium:deviceUDID: ZD22293992, appium:javascriptEnabled: true, appium:locationContextEnabled: false, appium:networkConnectionEnabled: true, appium:noReset: true, appium:pixelRatio: 1.75, appium:platformVersion: 13, appium:statBarHeight: 42, appium:takesScreenshot: true, appium:testOnly: false, appium:viewportRect: {height: 1558, left: 0, top: 42, width: 720}, appium:warnings: {}, appium:webStorageEnabled: false, platformName: ANDROID}
Session ID: b80eb43e-a6ca-4bc9-8e50-e1523a258053
]]></system-err>
  </testcase>
  <testcase name="tearDownSuite" classname="com.silvassaOfficer.testcases.TC_Dashboard_Revenue_001" time="18.604">
    <failure message="Failed to Logout from the application:An unknown server-side error occurred while processing the command. Original error: &apos;POST /element&apos; cannot be proxied to UiAutomator2 server because the instrumentation process is not running (probably crashed). Check the server log and/or the logcat output for more details&#10;Build info: version: &apos;4.9.1&apos;, revision: &apos;eb2032df7f&apos;&#10;System info: os.name: &apos;Linux&apos;, os.arch: &apos;amd64&apos;, os.version: &apos;6.5.0-28-generic&apos;, java.version: &apos;18.0.2-ea&apos;&#10;Driver info: io.appium.java_client.android.AndroidDriver&#10;Command: [b80eb43e-a6ca-4bc9-8e50-e1523a258053, findElement {using=xpath, value=//hierarchy/android.widget.FrameLayout/android.widget.LinearLayout/android.widget.FrameLayout/android.widget.LinearLayout/android.widget.FrameLayout/android.widget.RelativeLayout/android.webkit.WebView/android.webkit.WebView/android.view.View/android.view.View[1]/android.widget.ListView/android.view.View[2]/android.widget.Button}]&#10;Capabilities {appium:appActivity: com.iramtech.silvassa_offic..., appium:appPackage: com.iramtech.silvassa_officer, appium:automationName: UiAutomator2, appium:databaseEnabled: false, appium:desired: {appActivity: com.iramtech.silvassa_offic..., appPackage: com.iramtech.silvassa_officer, automationName: UiAutomator2, deviceName: moto e13 , noReset: true, platformName: ANDROID, platformVersion: 13.0, testOnly: false}, appium:deviceApiLevel: 33, appium:deviceManufacturer: motorola, appium:deviceModel: moto e13, appium:deviceName: ZD22293992, appium:deviceScreenDensity: 280, appium:deviceScreenSize: 720x1600, appium:deviceUDID: ZD22293992, appium:javascriptEnabled: true, appium:locationContextEnabled: false, appium:networkConnectionEnabled: true, appium:noReset: true, appium:pixelRatio: 1.75, appium:platformVersion: 13, appium:statBarHeight: 42, appium:takesScreenshot: true, appium:testOnly: false, appium:viewportRect: {height: 1558, left: 0, top: 42, width: 720}, appium:warnings: {}, appium:webStorageEnabled: false, platformName: ANDROID}&#10;Session ID: b80eb43e-a6ca-4bc9-8e50-e1523a258053 expected [true] but found [false]" type="java.lang.AssertionError"><![CDATA[java.lang.AssertionError: 
Failed to Logout from the application:An unknown server-side error occurred while processing the command. Original error: 'POST /element' cannot be proxied to UiAutomator2 server because the instrumentation process is not running (probably crashed). Check the server log and/or the logcat output for more details
Build info: version: '4.9.1', revision: 'eb2032df7f'
System info: os.name: 'Linux', os.arch: 'amd64', os.version: '6.5.0-28-generic', java.version: '18.0.2-ea'
Driver info: io.appium.java_client.android.AndroidDriver
Command: [b80eb43e-a6ca-4bc9-8e50-e1523a258053, findElement {using=xpath, value=//hierarchy/android.widget.FrameLayout/android.widget.LinearLayout/android.widget.FrameLayout/android.widget.LinearLayout/android.widget.FrameLayout/android.widget.RelativeLayout/android.webkit.WebView/android.webkit.WebView/android.view.View/android.view.View[1]/android.widget.ListView/android.view.View[2]/android.widget.Button}]
Capabilities {appium:appActivity: com.iramtech.silvassa_offic..., appium:appPackage: com.iramtech.silvassa_officer, appium:automationName: UiAutomator2, appium:databaseEnabled: false, appium:desired: {appActivity: com.iramtech.silvassa_offic..., appPackage: com.iramtech.silvassa_officer, automationName: UiAutomator2, deviceName: moto e13 , noReset: true, platformName: ANDROID, platformVersion: 13.0, testOnly: false}, appium:deviceApiLevel: 33, appium:deviceManufacturer: motorola, appium:deviceModel: moto e13, appium:deviceName: ZD22293992, appium:deviceScreenDensity: 280, appium:deviceScreenSize: 720x1600, appium:deviceUDID: ZD22293992, appium:javascriptEnabled: true, appium:locationContextEnabled: false, appium:networkConnectionEnabled: true, appium:noReset: true, appium:pixelRatio: 1.75, appium:platformVersion: 13, appium:statBarHeight: 42, appium:takesScreenshot: true, appium:testOnly: false, appium:viewportRect: {height: 1558, left: 0, top: 42, width: 720}, appium:warnings: {}, appium:webStorageEnabled: false, platformName: ANDROID}
Session ID: b80eb43e-a6ca-4bc9-8e50-e1523a258053 expected [true] but found [false]
	at org.testng.Assert.fail(Assert.java:110)
	at org.testng.Assert.failNotEquals(Assert.java:1413)
	at org.testng.Assert.assertTrue(Assert.java:56)
	at com.silvassaOfficer.testcases.Basetest.tearDownSuite(BaseTest.java:153)
	at com.silvassaOfficer.testcases.TC_LoginTest_001.tearDownSuite(TC_LoginTest_001.java:15)
	at java.base/jdk.internal.reflect.DirectMethodHandleAccessor.invoke(DirectMethodHandleAccessor.java:104)
	at java.base/java.lang.reflect.Method.invoke(Method.java:577)
	at org.testng.internal.invokers.MethodInvocationHelper.invokeMethod(MethodInvocationHelper.java:139)
	at org.testng.internal.invokers.MethodInvocationHelper.invokeMethodConsideringTimeout(MethodInvocationHelper.java:69)
	at org.testng.internal.invokers.ConfigInvoker.invokeConfigurationMethod(ConfigInvoker.java:361)
	at org.testng.internal.invokers.ConfigInvoker.invokeConfigurations(ConfigInvoker.java:296)
	at org.testng.SuiteRunner.privateRun(SuiteRunner.java:400)
	at org.testng.SuiteRunner.run(SuiteRunner.java:330)
	at org.testng.SuiteRunnerWorker.runSuite(SuiteRunnerWorker.java:52)
	at org.testng.SuiteRunnerWorker.run(SuiteRunnerWorker.java:95)
	at org.testng.TestNG.runSuitesSequentially(TestNG.java:1256)
	at org.testng.TestNG.runSuitesLocally(TestNG.java:1176)
	at org.testng.TestNG.runSuites(TestNG.java:1099)
	at org.testng.TestNG.run(TestNG.java:1067)
	at org.apache.maven.surefire.testng.TestNGExecutor.run(TestNGExecutor.java:324)
	at org.apache.maven.surefire.testng.TestNGXmlTestSuite.execute(TestNGXmlTestSuite.java:74)
	at org.apache.maven.surefire.testng.TestNGProvider.invoke(TestNGProvider.java:123)
	at org.apache.maven.surefire.booter.ForkedBooter.runSuitesInProcess(ForkedBooter.java:456)
	at org.apache.maven.surefire.booter.ForkedBooter.execute(ForkedBooter.java:169)
	at org.apache.maven.surefire.booter.ForkedBooter.run(ForkedBooter.java:595)
	at org.apache.maven.surefire.booter.ForkedBooter.main(ForkedBooter.java:581)
]]></failure>
  </testcase>
  <testcase name="clickon_AvgOccupancy" classname="com.silvassaOfficer.testcases.TC_Dashboard_Occupancy_002" time="4.087">
    <system-out><![CDATA[Before setup and Launch the application
Clicked on Average Occupancy Tab In Dashboard
]]></system-out>
  </testcase>
  <testcase name="get_AvgOccupancyData" classname="com.silvassaOfficer.testcases.TC_Dashboard_Occupancy_002" time="7.35">
    <system-out><![CDATA[Initail Occupancy data : 0.0%
]]></system-out>
  </testcase>
  <testcase name="clickon_ParkingSites" classname="com.silvassaOfficer.testcases.TC_DashboardSites_003" time="3.969">
    <system-out><![CDATA[Before setup and Launch the application
Clicked on Parking Sites Tab In Dashboard
]]></system-out>
  </testcase>
  <testcase name="get_ParkingSitesData" classname="com.silvassaOfficer.testcases.TC_DashboardSites_003" time="3.325">
    <system-out><![CDATA[Initail Parking Sites data : 100 %
]]></system-out>
  </testcase>
  <testcase name="parkingSites_Scroll" classname="com.silvassaOfficer.testcases.TC_DashboardSites_003" time="6.816">
    <system-out><![CDATA[Scrolling up
]]></system-out>
  </testcase>
  <testcase name="print_AllSiteNames" classname="com.silvassaOfficer.testcases.TC_DashboardSites_003" time="5.403">
    <system-out><![CDATA[Site Name 1: 
Site Name 2: Amli Hanuman Road
Site Name 3: Balbhavan Road
Site Name 4: Dayat Faliya Road
Site Name 5: ITI Road
Site Name 6: PWD Road 2
Site Name 7: Shahid Chawk To Pipariya Out Post(Silvassa -Vapi Road)
Site Name 8: Shahid Chowk To Athal Chowk (Naroli Road)
Site Name 9: Silvassa-KhanvelRoad
]]></system-out>
  </testcase>
  <testcase name="parkingSites_ScrollUp" classname="com.silvassaOfficer.testcases.TC_DashboardSites_003" time="6.578">
    <system-out><![CDATA[Scrolling up
]]></system-out>
  </testcase>
  <testcase name="click_DeviceStatus" classname="com.silvassaOfficer.testcases.TC_DashboardDevices_004" time="6.995">
    <system-out><![CDATA[Before setup and Launch the application
Clicked on Device Status Tab In Dashboard
]]></system-out>
  </testcase>
  <testcase name="get_DeviceStatusData" classname="com.silvassaOfficer.testcases.TC_DashboardDevices_004" time="3.358">
    <system-out><![CDATA[Initail Device Status data : 100 %
]]></system-out>
  </testcase>
  <testcase name="deviceStatus_Scroll" classname="com.silvassaOfficer.testcases.TC_DashboardDevices_004" time="12.039">
    <system-out><![CDATA[Scrolling Down
Scrolling up
]]></system-out>
  </testcase>
  <testcase name="click_DeviceStatus" classname="com.silvassaOfficer.testcases.TC_DashboardAlerts_005" time="5.994">
    <system-out><![CDATA[Before setup and Launch the application
Clicked on Alerts Tab In Dashboard
]]></system-out>
  </testcase>
  <testcase name="get_DeviceStatusData" classname="com.silvassaOfficer.testcases.TC_DashboardAlerts_005" time="3.323">
    <system-out><![CDATA[Initail Alerts data : 4
]]></system-out>
  </testcase>
  <testcase name="deviceStatus_Scroll" classname="com.silvassaOfficer.testcases.TC_DashboardAlerts_005" time="10.369">
    <system-out><![CDATA[Scrolling Down
Scrolling up
]]></system-out>
  </testcase>
</testsuite>