<?xml version="1.0" encoding="UTF-8"?>
<testsuite xmlns:xsi="http://www.w3.org/2001/XMLSchema-instance" xsi:noNamespaceSchemaLocation="https://maven.apache.org/surefire/maven-surefire-plugin/xsd/surefire-test-report-3.0.xsd" version="3.0" name="com.silvassaOfficer.testcases.FeedbackComplaint_025" time="166.692" tests="11" errors="0" skipped="0" failures="1">
  <properties>
[...]
</properties>
  <testcase name="verify_Title" classname="com.silvassaOfficer.testcases.FeedbackComplaint_025" time="5.068">
    <system-out><![CDATA[Before setup and Launch the application
Title name is matched : WELCOME TO SILVASSA SMART PARKING WEB PORTAL
]]></system-out>
    <system-err><![CDATA[SLF4J: No SLF4J providers were found.
SLF4J: Defaulting to no-operation (NOP) logger implementation
SLF4J: See https://www.slf4j.org/codes.html#noProviders for further details.
]]></system-err>
  </testcase>
  <testcase name="login" classname="com.silvassaOfficer.testcases.FeedbackComplaint_025" time="3.844">
    <system-out><![CDATA[Entered Username & Password Successfully and clicked the login button
]]></system-out>
  </testcase>
  <testcase name="clickon_Menu_FeedbackComplaint" classname="com.silvassaOfficer.testcases.FeedbackComplaint_025" time="9.357">
    <system-out><![CDATA[Clicked on Menu In Dashboard
Select FeedBack Complaint page
]]></system-out>
  </testcase>
  <testcase name="clickOn_SitesDropDownList" classname="com.silvassaOfficer.testcases.FeedbackComplaint_025" time="21.867">
    <system-out><![CDATA[Clicked on SitesList dropdown

Silvassa-KhanvelRoad Shahid Chowk To Athal Chowk (Naroli Road) ITI Road PWD Road 2 Balbhavan Road Dayat Faliya Road Shahid Chawk To Pipariya Out Post(Silvassa -Vapi Road) Amli Hanuman Road
]]></system-out>
  </testcase>
  <testcase name="click1D_Button" classname="com.silvassaOfficer.testcases.FeedbackComplaint_025" time="10.342">
    <system-err><![CDATA[Failed to click on One Day : Can't locate an element by this strategy: By.xpath: /hierarchy/android.widget.FrameLayout/android.widget.LinearLayout/android.widget.FrameLayout/android.widget.LinearLayout/android.widget.FrameLayout/android.widget.RelativeLayout/android.webkit.WebView/android.webkit.WebView/android.view.View/android.view.View/android.view.View[2]/android.view.View/android.view.View[2]/android.view.View/android.view.View/android.view.View[1]/android.view.View/android.widget.RadioButton[1]
]]></system-err>
  </testcase>
  <testcase name="click1W_Button" classname="com.silvassaOfficer.testcases.FeedbackComplaint_025" time="12.306">
    <system-err><![CDATA[Failed to click on One Week : Can't locate an element by this strategy: By.xpath: /hierarchy/android.widget.FrameLayout/android.widget.LinearLayout/android.widget.FrameLayout/android.widget.LinearLayout/android.widget.FrameLayout/android.widget.RelativeLayout/android.webkit.WebView/android.webkit.WebView/android.view.View/android.view.View/android.view.View[2]/android.view.View/android.view.View[2]/android.view.View/android.view.View/android.view.View[1]/android.view.View/android.widget.RadioButton[2]
]]></system-err>
  </testcase>
  <testcase name="click1M_Button" classname="com.silvassaOfficer.testcases.FeedbackComplaint_025" time="15.423">
    <system-err><![CDATA[Failed to click on One Month : Can't locate an element by this strategy: By.xpath: /hierarchy/android.widget.FrameLayout/android.widget.LinearLayout/android.widget.FrameLayout/android.widget.LinearLayout/android.widget.FrameLayout/android.widget.RelativeLayout/android.webkit.WebView/android.webkit.WebView/android.view.View/android.view.View/android.view.View[2]/android.view.View/android.view.View[2]/android.view.View/android.view.View/android.view.View[1]/android.view.View/android.widget.RadioButton[3]
]]></system-err>
  </testcase>
  <testcase name="click_ShowEntries" classname="com.silvassaOfficer.testcases.FeedbackComplaint_025" time="13.292">
    <system-err><![CDATA[Failed to select entries: Can't locate an element by this strategy: By.xpath: /hierarchy/android.widget.FrameLayout/android.widget.LinearLayout/android.widget.FrameLayout/android.widget.LinearLayout/android.widget.FrameLayout/android.widget.RelativeLayout/android.webkit.WebView/android.webkit.WebView/android.view.View/android.view.View/android.view.View[2]/android.view.View/android.view.View[2]/android.view.View/android.view.View/android.view.View[2]/android.view.View/android.view.View[1]/android.view.View/android.view.View
]]></system-err>
  </testcase>
  <testcase name="click_ComplaintTab" classname="com.silvassaOfficer.testcases.FeedbackComplaint_025" time="15.29">
    <system-err><![CDATA[Failed to click on Complaint : Can't locate an element by this strategy: By.xpath: /hierarchy/android.widget.FrameLayout/android.widget.LinearLayout/android.widget.FrameLayout/android.widget.LinearLayout/android.widget.FrameLayout/android.widget.RelativeLayout/android.webkit.WebView/android.webkit.WebView/android.view.View/android.view.View/android.view.View[2]/android.view.View/android.view.View[3]/android.widget.TabWidget/android.view.View[2]
]]></system-err>
  </testcase>
  <testcase name="clickon_Complaint_Calender" classname="com.silvassaOfficer.testcases.FeedbackComplaint_025" time="37.838">
    <system-err><![CDATA[Failed to click on One Day : Can't locate an element by this strategy: By.xpath: /hierarchy/android.widget.FrameLayout/android.widget.LinearLayout/android.widget.FrameLayout/android.widget.LinearLayout/android.widget.FrameLayout/android.widget.RelativeLayout/android.webkit.WebView/android.webkit.WebView/android.view.View/android.view.View/android.view.View[2]/android.view.View/android.view.View[2]/android.view.View/android.view.View/android.view.View[1]/android.view.View/android.widget.RadioButton[1]
Failed to click on One Week : Can't locate an element by this strategy: By.xpath: /hierarchy/android.widget.FrameLayout/android.widget.LinearLayout/android.widget.FrameLayout/android.widget.LinearLayout/android.widget.FrameLayout/android.widget.RelativeLayout/android.webkit.WebView/android.webkit.WebView/android.view.View/android.view.View/android.view.View[2]/android.view.View/android.view.View[2]/android.view.View/android.view.View/android.view.View[1]/android.view.View/android.widget.RadioButton[2]
Failed to click on One Month : Can't locate an element by this strategy: By.xpath: /hierarchy/android.widget.FrameLayout/android.widget.LinearLayout/android.widget.FrameLayout/android.widget.LinearLayout/android.widget.FrameLayout/android.widget.RelativeLayout/android.webkit.WebView/android.webkit.WebView/android.view.View/android.view.View/android.view.View[2]/android.view.View/android.view.View[2]/android.view.View/android.view.View/android.view.View[1]/android.view.View/android.widget.RadioButton[3]
]]></system-err>
  </testcase>
  <testcase name="tearDownClass" classname="com.silvassaOfficer.testcases.FeedbackComplaint_025" time="53.022">
    <failure message="Failed to Logout from the application:An element could not be located on the page using the given search parameters.&#10;For documentation on this error, please visit: https://selenium.dev/exceptions/#no_such_element&#10;Build info: version: &apos;4.9.1&apos;, revision: &apos;eb2032df7f&apos;&#10;System info: os.name: &apos;Linux&apos;, os.arch: &apos;amd64&apos;, os.version: &apos;6.5.0-28-generic&apos;, java.version: &apos;18.0.2-ea&apos;&#10;Driver info: io.appium.java_client.android.AndroidDriver&#10;Command: [2bcc8f26-c516-4103-9022-b6ae4d4047c1, findElement {using=xpath, value=//android.widget.Button[@text=&apos;User Name&apos;]}]&#10;Capabilities {appium:appActivity: com.iramtech.silvassa_offic..., appium:appPackage: com.iramtech.silvassa_officer, appium:automationName: UiAutomator2, appium:databaseEnabled: false, appium:desired: {appActivity: com.iramtech.silvassa_offic..., appPackage: com.iramtech.silvassa_officer, automationName: UiAutomator2, deviceName: moto e13 , noReset: true, platformName: ANDROID, platformVersion: 13.0, testOnly: false}, appium:deviceApiLevel: 33, appium:deviceManufacturer: motorola, appium:deviceModel: moto e13, appium:deviceName: ZD22293992, appium:deviceScreenDensity: 280, appium:deviceScreenSize: 720x1600, appium:deviceUDID: ZD22293992, appium:javascriptEnabled: true, appium:locationContextEnabled: false, appium:networkConnectionEnabled: true, appium:noReset: true, appium:pixelRatio: 1.75, appium:platformVersion: 13, appium:statBarHeight: 42, appium:takesScreenshot: true, appium:testOnly: false, appium:viewportRect: {height: 1558, left: 0, top: 42, width: 720}, appium:warnings: {}, appium:webStorageEnabled: false, platformName: ANDROID}&#10;Session ID: 2bcc8f26-c516-4103-9022-b6ae4d4047c1 expected [true] but found [false]" type="java.lang.AssertionError"><![CDATA[java.lang.AssertionError: 
Failed to Logout from the application:An element could not be located on the page using the given search parameters.
For documentation on this error, please visit: https://selenium.dev/exceptions/#no_such_element
Build info: version: '4.9.1', revision: 'eb2032df7f'
System info: os.name: 'Linux', os.arch: 'amd64', os.version: '6.5.0-28-generic', java.version: '18.0.2-ea'
Driver info: io.appium.java_client.android.AndroidDriver
Command: [2bcc8f26-c516-4103-9022-b6ae4d4047c1, findElement {using=xpath, value=//android.widget.Button[@text='User Name']}]
Capabilities {appium:appActivity: com.iramtech.silvassa_offic..., appium:appPackage: com.iramtech.silvassa_officer, appium:automationName: UiAutomator2, appium:databaseEnabled: false, appium:desired: {appActivity: com.iramtech.silvassa_offic..., appPackage: com.iramtech.silvassa_officer, automationName: UiAutomator2, deviceName: moto e13 , noReset: true, platformName: ANDROID, platformVersion: 13.0, testOnly: false}, appium:deviceApiLevel: 33, appium:deviceManufacturer: motorola, appium:deviceModel: moto e13, appium:deviceName: ZD22293992, appium:deviceScreenDensity: 280, appium:deviceScreenSize: 720x1600, appium:deviceUDID: ZD22293992, appium:javascriptEnabled: true, appium:locationContextEnabled: false, appium:networkConnectionEnabled: true, appium:noReset: true, appium:pixelRatio: 1.75, appium:platformVersion: 13, appium:statBarHeight: 42, appium:takesScreenshot: true, appium:testOnly: false, appium:viewportRect: {height: 1558, left: 0, top: 42, width: 720}, appium:warnings: {}, appium:webStorageEnabled: false, platformName: ANDROID}
Session ID: 2bcc8f26-c516-4103-9022-b6ae4d4047c1 expected [true] but found [false]
	at org.testng.Assert.fail(Assert.java:110)
	at org.testng.Assert.failNotEquals(Assert.java:1413)
	at org.testng.Assert.assertTrue(Assert.java:56)
	at com.silvassaOfficer.testcases.Basetest.tearDownClass(BaseTest.java:131)
	at com.silvassaOfficer.testcases.TC_LoginTest_001.tearDownClass(TC_LoginTest_001.java:13)
	at java.base/jdk.internal.reflect.DirectMethodHandleAccessor.invoke(DirectMethodHandleAccessor.java:104)
	at java.base/java.lang.reflect.Method.invoke(Method.java:577)
	at org.testng.internal.invokers.MethodInvocationHelper.invokeMethod(MethodInvocationHelper.java:139)
	at org.testng.internal.invokers.MethodInvocationHelper.invokeMethodConsideringTimeout(MethodInvocationHelper.java:69)
	at org.testng.internal.invokers.ConfigInvoker.invokeConfigurationMethod(ConfigInvoker.java:361)
	at org.testng.internal.invokers.ConfigInvoker.invokeConfigurations(ConfigInvoker.java:296)
	at org.testng.internal.invokers.TestMethodWorker.invokeAfterClassMethods(TestMethodWorker.java:222)
	at org.testng.internal.invokers.TestMethodWorker.run(TestMethodWorker.java:131)
	at java.base/java.util.ArrayList.forEach(ArrayList.java:1511)
	at org.testng.TestRunner.privateRun(TestRunner.java:806)
	at org.testng.TestRunner.run(TestRunner.java:601)
	at org.testng.SuiteRunner.runTest(SuiteRunner.java:433)
	at org.testng.SuiteRunner.runSequentially(SuiteRunner.java:427)
	at org.testng.SuiteRunner.privateRun(SuiteRunner.java:387)
	at org.testng.SuiteRunner.run(SuiteRunner.java:330)
	at org.testng.SuiteRunnerWorker.runSuite(SuiteRunnerWorker.java:52)
	at org.testng.SuiteRunnerWorker.run(SuiteRunnerWorker.java:95)
	at org.testng.TestNG.runSuitesSequentially(TestNG.java:1256)
	at org.testng.TestNG.runSuitesLocally(TestNG.java:1176)
	at org.testng.TestNG.runSuites(TestNG.java:1099)
	at org.testng.TestNG.run(TestNG.java:1067)
	at org.apache.maven.surefire.testng.TestNGExecutor.run(TestNGExecutor.java:151)
	at org.apache.maven.surefire.testng.TestNGDirectoryTestSuite.executeSingleClass(TestNGDirectoryTestSuite.java:111)
	at org.apache.maven.surefire.testng.TestNGDirectoryTestSuite.execute(TestNGDirectoryTestSuite.java:98)
	at org.apache.maven.surefire.testng.TestNGProvider.invoke(TestNGProvider.java:155)
	at org.apache.maven.surefire.booter.ForkedBooter.runSuitesInProcess(ForkedBooter.java:456)
	at org.apache.maven.surefire.booter.ForkedBooter.execute(ForkedBooter.java:169)
	at org.apache.maven.surefire.booter.ForkedBooter.run(ForkedBooter.java:595)
	at org.apache.maven.surefire.booter.ForkedBooter.main(ForkedBooter.java:581)
]]></failure>
  </testcase>
</testsuite>